<?xml version="1.0" encoding="UTF-8"?>
<testng-results ignored="0" total="4" passed="3" failed="1" skipped="0">
  <reporter-output>
  </reporter-output>
  <suite started-at="2021-09-01T00:05:52 IST" name="SeleniumPOM" finished-at="2021-09-01T00:07:46 IST" duration-ms="114195">
    <groups>
    </groups>
    <test started-at="2021-09-01T00:05:52 IST" name="LoginPageTest" finished-at="2021-09-01T00:07:46 IST" duration-ms="114195">
      <class name="com.dc.rns.qa.TestCases.LoginPageTest">
        <test-method is-config="true" signature="setup()[pri:0, instance:com.dc.rns.qa.TestCases.LoginPageTest@1e1a0406]" started-at="2021-09-01T00:05:53 IST" name="setup" finished-at="2021-09-01T00:06:22 IST" duration-ms="28490" status="PASS">
          <reporter-output>
          </reporter-output>
        </test-method> <!-- setup -->
        <test-method signature="Login(java.lang.String,java.lang.String)[pri:1, instance:com.dc.rns.qa.TestCases.LoginPageTest@1e1a0406]" started-at="2021-09-01T00:06:22 IST" name="Login" data-provider="strLoginData" finished-at="2021-09-01T00:06:29 IST" duration-ms="6891" status="PASS">
          <params>
            <param index="0">
              <value>
                <![CDATA[aeouat1]]>
              </value>
            </param>
            <param index="1">
              <value>
                <![CDATA[login345]]>
              </value>
            </param>
          </params>
          <reporter-output>
          </reporter-output>
        </test-method> <!-- Login -->
        <test-method is-config="true" signature="Teardown()[pri:0, instance:com.dc.rns.qa.TestCases.LoginPageTest@1e1a0406]" started-at="2021-09-01T00:06:29 IST" name="Teardown" finished-at="2021-09-01T00:06:31 IST" duration-ms="2296" status="PASS">
          <reporter-output>
          </reporter-output>
        </test-method> <!-- Teardown -->
        <test-method is-config="true" signature="setup()[pri:0, instance:com.dc.rns.qa.TestCases.LoginPageTest@1e1a0406]" started-at="2021-09-01T00:06:31 IST" name="setup" finished-at="2021-09-01T00:06:54 IST" duration-ms="23563" status="PASS">
          <reporter-output>
          </reporter-output>
        </test-method> <!-- setup -->
        <test-method signature="Login(java.lang.String,java.lang.String)[pri:1, instance:com.dc.rns.qa.TestCases.LoginPageTest@1e1a0406]" started-at="2021-09-01T00:06:54 IST" name="Login" data-provider="strLoginData" finished-at="2021-09-01T00:06:57 IST" duration-ms="3094" status="PASS">
          <params>
            <param index="0">
              <value>
                <![CDATA[uatrnsscbbus5]]>
              </value>
            </param>
            <param index="1">
              <value>
                <![CDATA[login345]]>
              </value>
            </param>
          </params>
          <reporter-output>
          </reporter-output>
        </test-method> <!-- Login -->
        <test-method is-config="true" signature="Teardown()[pri:0, instance:com.dc.rns.qa.TestCases.LoginPageTest@1e1a0406]" started-at="2021-09-01T00:06:57 IST" name="Teardown" finished-at="2021-09-01T00:07:02 IST" duration-ms="4423" status="PASS">
          <reporter-output>
          </reporter-output>
        </test-method> <!-- Teardown -->
        <test-method is-config="true" signature="setup()[pri:0, instance:com.dc.rns.qa.TestCases.LoginPageTest@1e1a0406]" started-at="2021-09-01T00:07:02 IST" name="setup" finished-at="2021-09-01T00:07:23 IST" duration-ms="20611" status="PASS">
          <reporter-output>
          </reporter-output>
        </test-method> <!-- setup -->
        <test-method signature="Login(java.lang.String,java.lang.String)[pri:1, instance:com.dc.rns.qa.TestCases.LoginPageTest@1e1a0406]" started-at="2021-09-01T00:07:23 IST" name="Login" data-provider="strLoginData" finished-at="2021-09-01T00:07:26 IST" duration-ms="2999" status="PASS">
          <params>
            <param index="0">
              <value>
                <![CDATA[brokeraeouat1]]>
              </value>
            </param>
            <param index="1">
              <value>
                <![CDATA[login345]]>
              </value>
            </param>
          </params>
          <reporter-output>
          </reporter-output>
        </test-method> <!-- Login -->
        <test-method is-config="true" signature="Teardown()[pri:0, instance:com.dc.rns.qa.TestCases.LoginPageTest@1e1a0406]" started-at="2021-09-01T00:07:26 IST" name="Teardown" finished-at="2021-09-01T00:07:28 IST" duration-ms="2232" status="PASS">
          <reporter-output>
          </reporter-output>
        </test-method> <!-- Teardown -->
        <test-method is-config="true" signature="setup()[pri:0, instance:com.dc.rns.qa.TestCases.LoginPageTest@1e1a0406]" started-at="2021-09-01T00:07:28 IST" name="setup" finished-at="2021-09-01T00:07:44 IST" duration-ms="16712" status="PASS">
          <reporter-output>
          </reporter-output>
        </test-method> <!-- setup -->
        <test-method signature="ValidateLoginTitle()[pri:2, instance:com.dc.rns.qa.TestCases.LoginPageTest@1e1a0406]" started-at="2021-09-01T00:07:44 IST" name="ValidateLoginTitle" finished-at="2021-09-01T00:07:45 IST" duration-ms="46" status="FAIL">
          <exception class="java.lang.AssertionError">
            <message>
              <![CDATA[expected [Login1] but found [Login]]]>
            </message>
            <full-stacktrace>
              <![CDATA[java.lang.AssertionError: expected [Login1] but found [Login]
at org.testng.Assert.fail(Assert.java:99)
at org.testng.Assert.failNotEquals(Assert.java:1037)
at org.testng.Assert.assertEqualsImpl(Assert.java:140)
at org.testng.Assert.assertEquals(Assert.java:122)
at org.testng.Assert.assertEquals(Assert.java:629)
at org.testng.Assert.assertEquals(Assert.java:639)
at com.dc.rns.qa.TestCases.LoginPageTest.ValidateLoginTitle(LoginPageTest.java:86)
at java.base/jdk.internal.reflect.NativeMethodAccessorImpl.invoke0(Native Method)
at java.base/jdk.internal.reflect.NativeMethodAccessorImpl.invoke(NativeMethodAccessorImpl.java:64)
at java.base/jdk.internal.reflect.DelegatingMethodAccessorImpl.invoke(DelegatingMethodAccessorImpl.java:43)
at java.base/java.lang.reflect.Method.invoke(Method.java:564)
at org.testng.internal.MethodInvocationHelper.invokeMethod(MethodInvocationHelper.java:133)
at org.testng.internal.TestInvoker.invokeMethod(TestInvoker.java:598)
at org.testng.internal.TestInvoker.invokeTestMethod(TestInvoker.java:173)
at org.testng.internal.MethodRunner.runInSequence(MethodRunner.java:46)
at org.testng.internal.TestInvoker$MethodInvocationAgent.invoke(TestInvoker.java:824)
at org.testng.internal.TestInvoker.invokeTestMethods(TestInvoker.java:146)
at org.testng.internal.TestMethodWorker.invokeTestMethods(TestMethodWorker.java:146)
at org.testng.internal.TestMethodWorker.run(TestMethodWorker.java:128)
at java.base/java.util.ArrayList.forEach(ArrayList.java:1511)
at org.testng.TestRunner.privateRun(TestRunner.java:794)
at org.testng.TestRunner.run(TestRunner.java:596)
at org.testng.SuiteRunner.runTest(SuiteRunner.java:377)
at org.testng.SuiteRunner.access$000(SuiteRunner.java:28)
at org.testng.SuiteRunner$SuiteWorker.run(SuiteRunner.java:418)
at org.testng.internal.thread.ThreadUtil.lambda$execute$0(ThreadUtil.java:64)
at java.base/java.util.concurrent.FutureTask.run(FutureTask.java:264)
at java.base/java.util.concurrent.ThreadPoolExecutor.runWorker(ThreadPoolExecutor.java:1130)
at java.base/java.util.concurrent.ThreadPoolExecutor$Worker.run(ThreadPoolExecutor.java:630)
at java.base/java.lang.Thread.run(Thread.java:832)
]]>
            </full-stacktrace>
          </exception> <!-- java.lang.AssertionError -->
          <reporter-output>
          </reporter-output>
        </test-method> <!-- ValidateLoginTitle -->
        <test-method is-config="true" signature="Teardown()[pri:0, instance:com.dc.rns.qa.TestCases.LoginPageTest@1e1a0406]" started-at="2021-09-01T00:07:45 IST" name="Teardown" finished-at="2021-09-01T00:07:46 IST" duration-ms="957" status="PASS">
          <reporter-output>
          </reporter-output>
        </test-method> <!-- Teardown -->
      </class> <!-- com.dc.rns.qa.TestCases.LoginPageTest -->
    </test> <!-- LoginPageTest -->
  </suite> <!-- SeleniumPOM -->
</testng-results>
